[11-Mar-2022 08:18:44 UTC] PHP Fatal error:  Uncaught ArgumentCountError: Too few arguments to function register_nav_menu(), 1 passed in /var/www/html/wp-content/themes/onstage/functions.php on line 52 and exactly 2 expected in /var/www/html/wp-includes/nav-menu.php:136
Stack trace:
#0 /var/www/html/wp-content/themes/onstage/functions.php(52): register_nav_menu(Array)
#1 /var/www/html/wp-includes/class-wp-hook.php(307): onstage_menus('')
#2 /var/www/html/wp-includes/class-wp-hook.php(331): WP_Hook->apply_filters(NULL, Array)
#3 /var/www/html/wp-includes/plugin.php(474): WP_Hook->do_action(Array)
#4 /var/www/html/wp-settings.php(587): do_action('init')
#5 /var/www/html/wp-config.php(140): require_once('/var/www/html/w...')
#6 /var/www/html/wp-load.php(50): require_once('/var/www/html/w...')
#7 /var/www/html/wp-blog-header.php(13): require_once('/var/www/html/w...')
#8 /var/www/html/index.php(17): require('/var/www/html/w...')
#9 {main}
  thrown in /var/www/html/wp-includes/nav-menu.php on line 136
[11-Mar-2022 08:18:44 UTC] PHP Fatal error:  Uncaught ArgumentCountError: Too few arguments to function register_nav_menu(), 1 passed in /var/www/html/wp-content/themes/onstage/functions.php on line 52 and exactly 2 expected in /var/www/html/wp-includes/nav-menu.php:136
Stack trace:
#0 /var/www/html/wp-content/themes/onstage/functions.php(52): register_nav_menu(Array)
#1 /var/www/html/wp-includes/class-wp-hook.php(307): onstage_menus('')
#2 /var/www/html/wp-includes/class-wp-hook.php(331): WP_Hook->apply_filters(NULL, Array)
#3 /var/www/html/wp-includes/plugin.php(474): WP_Hook->do_action(Array)
#4 /var/www/html/wp-settings.php(587): do_action('init')
#5 /var/www/html/wp-config.php(140): require_once('/var/www/html/w...')
#6 /var/www/html/wp-load.php(50): require_once('/var/www/html/w...')
#7 /var/www/html/wp-blog-header.php(13): require_once('/var/www/html/w...')
#8 /var/www/html/index.php(17): require('/var/www/html/w...')
#9 {main}
  thrown in /var/www/html/wp-includes/nav-menu.php on line 136
[11-Mar-2022 08:18:45 UTC] PHP Fatal error:  Uncaught ArgumentCountError: Too few arguments to function register_nav_menu(), 1 passed in /var/www/html/wp-content/themes/onstage/functions.php on line 52 and exactly 2 expected in /var/www/html/wp-includes/nav-menu.php:136
Stack trace:
#0 /var/www/html/wp-content/themes/onstage/functions.php(52): register_nav_menu(Array)
#1 /var/www/html/wp-includes/class-wp-hook.php(307): onstage_menus('')
#2 /var/www/html/wp-includes/class-wp-hook.php(331): WP_Hook->apply_filters(NULL, Array)
#3 /var/www/html/wp-includes/plugin.php(474): WP_Hook->do_action(Array)
#4 /var/www/html/wp-settings.php(587): do_action('init')
#5 /var/www/html/wp-config.php(140): require_once('/var/www/html/w...')
#6 /var/www/html/wp-load.php(50): require_once('/var/www/html/w...')
#7 /var/www/html/wp-blog-header.php(13): require_once('/var/www/html/w...')
#8 /var/www/html/index.php(17): require('/var/www/html/w...')
#9 {main}
  thrown in /var/www/html/wp-includes/nav-menu.php on line 136
[11-Mar-2022 08:18:45 UTC] PHP Fatal error:  Uncaught ArgumentCountError: Too few arguments to function register_nav_menu(), 1 passed in /var/www/html/wp-content/themes/onstage/functions.php on line 52 and exactly 2 expected in /var/www/html/wp-includes/nav-menu.php:136
Stack trace:
#0 /var/www/html/wp-content/themes/onstage/functions.php(52): register_nav_menu(Array)
#1 /var/www/html/wp-includes/class-wp-hook.php(307): onstage_menus('')
#2 /var/www/html/wp-includes/class-wp-hook.php(331): WP_Hook->apply_filters(NULL, Array)
#3 /var/www/html/wp-includes/plugin.php(474): WP_Hook->do_action(Array)
#4 /var/www/html/wp-settings.php(587): do_action('init')
#5 /var/www/html/wp-config.php(140): require_once('/var/www/html/w...')
#6 /var/www/html/wp-load.php(50): require_once('/var/www/html/w...')
#7 /var/www/html/wp-blog-header.php(13): require_once('/var/www/html/w...')
#8 /var/www/html/index.php(17): require('/var/www/html/w...')
#9 {main}
  thrown in /var/www/html/wp-includes/nav-menu.php on line 136
[11-Mar-2022 08:18:48 UTC] PHP Fatal error:  Uncaught ArgumentCountError: Too few arguments to function register_nav_menu(), 1 passed in /var/www/html/wp-content/themes/onstage/functions.php on line 52 and exactly 2 expected in /var/www/html/wp-includes/nav-menu.php:136
Stack trace:
#0 /var/www/html/wp-content/themes/onstage/functions.php(52): register_nav_menu(Array)
#1 /var/www/html/wp-includes/class-wp-hook.php(307): onstage_menus('')
#2 /var/www/html/wp-includes/class-wp-hook.php(331): WP_Hook->apply_filters(NULL, Array)
#3 /var/www/html/wp-includes/plugin.php(474): WP_Hook->do_action(Array)
#4 /var/www/html/wp-settings.php(587): do_action('init')
#5 /var/www/html/wp-config.php(140): require_once('/var/www/html/w...')
#6 /var/www/html/wp-load.php(50): require_once('/var/www/html/w...')
#7 /var/www/html/wp-blog-header.php(13): require_once('/var/www/html/w...')
#8 /var/www/html/index.php(17): require('/var/www/html/w...')
#9 {main}
  thrown in /var/www/html/wp-includes/nav-menu.php on line 136
[11-Mar-2022 08:18:48 UTC] PHP Fatal error:  Uncaught ArgumentCountError: Too few arguments to function register_nav_menu(), 1 passed in /var/www/html/wp-content/themes/onstage/functions.php on line 52 and exactly 2 expected in /var/www/html/wp-includes/nav-menu.php:136
Stack trace:
#0 /var/www/html/wp-content/themes/onstage/functions.php(52): register_nav_menu(Array)
#1 /var/www/html/wp-includes/class-wp-hook.php(307): onstage_menus('')
#2 /var/www/html/wp-includes/class-wp-hook.php(331): WP_Hook->apply_filters(NULL, Array)
#3 /var/www/html/wp-includes/plugin.php(474): WP_Hook->do_action(Array)
#4 /var/www/html/wp-settings.php(587): do_action('init')
#5 /var/www/html/wp-config.php(140): require_once('/var/www/html/w...')
#6 /var/www/html/wp-load.php(50): require_once('/var/www/html/w...')
#7 /var/www/html/wp-blog-header.php(13): require_once('/var/www/html/w...')
#8 /var/www/html/index.php(17): require('/var/www/html/w...')
#9 {main}
  thrown in /var/www/html/wp-includes/nav-menu.php on line 136
[11-Mar-2022 08:23:53 UTC] PHP Fatal error:  Uncaught ArgumentCountError: Too few arguments to function register_nav_menu(), 1 passed in /var/www/html/wp-content/themes/onstage/functions.php on line 52 and exactly 2 expected in /var/www/html/wp-includes/nav-menu.php:136
Stack trace:
#0 /var/www/html/wp-content/themes/onstage/functions.php(52): register_nav_menu(Array)
#1 /var/www/html/wp-includes/class-wp-hook.php(307): onstage_menus('')
#2 /var/www/html/wp-includes/class-wp-hook.php(331): WP_Hook->apply_filters(NULL, Array)
#3 /var/www/html/wp-includes/plugin.php(474): WP_Hook->do_action(Array)
#4 /var/www/html/wp-settings.php(587): do_action('init')
#5 /var/www/html/wp-config.php(140): require_once('/var/www/html/w...')
#6 /var/www/html/wp-load.php(50): require_once('/var/www/html/w...')
#7 /var/www/html/wp-blog-header.php(13): require_once('/var/www/html/w...')
#8 /var/www/html/index.php(17): require('/var/www/html/w...')
#9 {main}
  thrown in /var/www/html/wp-includes/nav-menu.php on line 136
[11-Mar-2022 08:23:54 UTC] PHP Fatal error:  Uncaught ArgumentCountError: Too few arguments to function register_nav_menu(), 1 passed in /var/www/html/wp-content/themes/onstage/functions.php on line 52 and exactly 2 expected in /var/www/html/wp-includes/nav-menu.php:136
Stack trace:
#0 /var/www/html/wp-content/themes/onstage/functions.php(52): register_nav_menu(Array)
#1 /var/www/html/wp-includes/class-wp-hook.php(307): onstage_menus('')
#2 /var/www/html/wp-includes/class-wp-hook.php(331): WP_Hook->apply_filters(NULL, Array)
#3 /var/www/html/wp-includes/plugin.php(474): WP_Hook->do_action(Array)
#4 /var/www/html/wp-settings.php(587): do_action('init')
#5 /var/www/html/wp-config.php(140): require_once('/var/www/html/w...')
#6 /var/www/html/wp-load.php(50): require_once('/var/www/html/w...')
#7 /var/www/html/wp-blog-header.php(13): require_once('/var/www/html/w...')
#8 /var/www/html/index.php(17): require('/var/www/html/w...')
#9 {main}
  thrown in /var/www/html/wp-includes/nav-menu.php on line 136
[11-Mar-2022 08:23:56 UTC] PHP Fatal error:  Uncaught ArgumentCountError: Too few arguments to function register_nav_menu(), 1 passed in /var/www/html/wp-content/themes/onstage/functions.php on line 52 and exactly 2 expected in /var/www/html/wp-includes/nav-menu.php:136
Stack trace:
#0 /var/www/html/wp-content/themes/onstage/functions.php(52): register_nav_menu(Array)
#1 /var/www/html/wp-includes/class-wp-hook.php(307): onstage_menus('')
#2 /var/www/html/wp-includes/class-wp-hook.php(331): WP_Hook->apply_filters(NULL, Array)
#3 /var/www/html/wp-includes/plugin.php(474): WP_Hook->do_action(Array)
#4 /var/www/html/wp-settings.php(587): do_action('init')
#5 /var/www/html/wp-config.php(140): require_once('/var/www/html/w...')
#6 /var/www/html/wp-load.php(50): require_once('/var/www/html/w...')
#7 /var/www/html/wp-blog-header.php(13): require_once('/var/www/html/w...')
#8 /var/www/html/index.php(17): require('/var/www/html/w...')
#9 {main}
  thrown in /var/www/html/wp-includes/nav-menu.php on line 136
[11-Mar-2022 08:23:56 UTC] PHP Fatal error:  Uncaught ArgumentCountError: Too few arguments to function register_nav_menu(), 1 passed in /var/www/html/wp-content/themes/onstage/functions.php on line 52 and exactly 2 expected in /var/www/html/wp-includes/nav-menu.php:136
Stack trace:
#0 /var/www/html/wp-content/themes/onstage/functions.php(52): register_nav_menu(Array)
#1 /var/www/html/wp-includes/class-wp-hook.php(307): onstage_menus('')
#2 /var/www/html/wp-includes/class-wp-hook.php(331): WP_Hook->apply_filters(NULL, Array)
#3 /var/www/html/wp-includes/plugin.php(474): WP_Hook->do_action(Array)
#4 /var/www/html/wp-settings.php(587): do_action('init')
#5 /var/www/html/wp-config.php(140): require_once('/var/www/html/w...')
#6 /var/www/html/wp-load.php(50): require_once('/var/www/html/w...')
#7 /var/www/html/wp-blog-header.php(13): require_once('/var/www/html/w...')
#8 /var/www/html/index.php(17): require('/var/www/html/w...')
#9 {main}
  thrown in /var/www/html/wp-includes/nav-menu.php on line 136
[11-Mar-2022 08:26:57 UTC] PHP Fatal error:  Uncaught ArgumentCountError: Too few arguments to function register_nav_menu(), 1 passed in /var/www/html/wp-content/themes/onstage/functions.php on line 52 and exactly 2 expected in /var/www/html/wp-includes/nav-menu.php:136
Stack trace:
#0 /var/www/html/wp-content/themes/onstage/functions.php(52): register_nav_menu(Array)
#1 /var/www/html/wp-includes/class-wp-hook.php(307): onstage_menus('')
#2 /var/www/html/wp-includes/class-wp-hook.php(331): WP_Hook->apply_filters(NULL, Array)
#3 /var/www/html/wp-includes/plugin.php(474): WP_Hook->do_action(Array)
#4 /var/www/html/wp-settings.php(587): do_action('init')
#5 /var/www/html/wp-config.php(140): require_once('/var/www/html/w...')
#6 /var/www/html/wp-load.php(50): require_once('/var/www/html/w...')
#7 /var/www/html/wp-blog-header.php(13): require_once('/var/www/html/w...')
#8 /var/www/html/index.php(17): require('/var/www/html/w...')
#9 {main}
  thrown in /var/www/html/wp-includes/nav-menu.php on line 136
[11-Mar-2022 08:26:57 UTC] PHP Fatal error:  Uncaught ArgumentCountError: Too few arguments to function register_nav_menu(), 1 passed in /var/www/html/wp-content/themes/onstage/functions.php on line 52 and exactly 2 expected in /var/www/html/wp-includes/nav-menu.php:136
Stack trace:
#0 /var/www/html/wp-content/themes/onstage/functions.php(52): register_nav_menu(Array)
#1 /var/www/html/wp-includes/class-wp-hook.php(307): onstage_menus('')
#2 /var/www/html/wp-includes/class-wp-hook.php(331): WP_Hook->apply_filters(NULL, Array)
#3 /var/www/html/wp-includes/plugin.php(474): WP_Hook->do_action(Array)
#4 /var/www/html/wp-settings.php(587): do_action('init')
#5 /var/www/html/wp-config.php(140): require_once('/var/www/html/w...')
#6 /var/www/html/wp-load.php(50): require_once('/var/www/html/w...')
#7 /var/www/html/wp-blog-header.php(13): require_once('/var/www/html/w...')
#8 /var/www/html/index.php(17): require('/var/www/html/w...')
#9 {main}
  thrown in /var/www/html/wp-includes/nav-menu.php on line 136
